++========================================
||
||   Package:  ./ply/ply-2.4.0-x86_64-1_alien.tgz
||
++========================================
drwxr-xr-x root/root         0 2025-05-28 17:04 ./
drwxr-xr-x root/root         0 2025-05-28 17:04 install/
-rw-r--r-- root/root       122 2025-05-28 17:04 install/doinst.sh
-rw-r--r-- root/root       906 2025-05-28 17:04 install/slack-desc
drwxr-xr-x root/root         0 2025-02-24 11:39 usr/
drwxr-xr-x root/root         0 2025-02-24 11:39 usr/lib/
drwxr-xr-x root/root         0 2025-05-28 17:04 usr/lib/x86_64-linux-gnu/
-rw-r--r-- root/root    173496 2025-02-24 11:39 usr/lib/x86_64-linux-gnu/libply.so.0.0.0
drwxr-xr-x root/root         0 2025-02-24 11:39 usr/sbin/
-rwxr-xr-x root/root     21528 2025-02-24 11:39 usr/sbin/ply
drwxr-xr-x root/root         0 2025-02-24 11:39 usr/share/
drwxr-xr-x root/root         0 2025-02-24 11:39 usr/share/doc/
drwxr-xr-x root/root         0 2025-02-24 11:39 usr/share/doc/ply/
-rw-r--r-- root/root      3508 2025-02-24 11:39 usr/share/doc/ply/README.md
-rw-r--r-- root/root       222 2025-02-24 11:39 usr/share/doc/ply/changelog.Debian.gz
-rw-r--r-- root/root      3937 2025-02-24 11:34 usr/share/doc/ply/copyright
drwxr-xr-x root/root         0 2025-02-24 11:39 usr/share/lintian/
drwxr-xr-x root/root         0 2025-02-24 11:39 usr/share/lintian/overrides/
-rw-r--r-- root/root        47 2025-02-24 11:34 usr/share/lintian/overrides/ply
drwxr-xr-x root/root         0 2025-02-24 11:39 usr/share/man/
drwxr-xr-x root/root         0 2025-02-24 11:39 usr/share/man/man1/
-rw-r--r-- root/root      5443 2025-02-24 11:39 usr/share/man/man1/ply.1.gz


