++========================================
||
||   Package:  ./bpftrace/bpftrace-0.21.2-x86_64-1_SBo.tgz
||
++========================================
drwxr-xr-x root/root         0 2024-12-21 01:23 ./
drwxr-xr-x root/root         0 2024-12-21 01:23 install/
-rw-r--r-- root/root      1162 2024-12-21 01:23 install/slack-desc
drwxr-xr-x root/root         0 2024-12-21 01:23 usr/
drwxr-xr-x root/root         0 2024-12-21 01:23 usr/bin/
-rwxr-xr-x root/root   2922952 2024-12-21 01:23 usr/bin/bpftrace
-rwxr-xr-x root/root   1503232 2024-12-21 01:23 usr/bin/bpftrace-aotrt
drwxr-xr-x root/root         0 2024-12-21 01:23 usr/doc/
drwxr-xr-x root/root         0 2024-12-21 01:23 usr/doc/bpftrace-0.21.2/
-rw-r--r-- root/root     10622 2024-07-19 11:01 usr/doc/bpftrace-0.21.2/INSTALL.md
-rw-r--r-- root/root     11358 2024-07-19 11:01 usr/doc/bpftrace-0.21.2/LICENSE
-rw-r--r-- root/root      9362 2024-07-19 11:01 usr/doc/bpftrace-0.21.2/README.md
-rw-r--r-- root/root      3693 2024-12-21 01:23 usr/doc/bpftrace-0.21.2/bpftrace.SlackBuild
drwxr-xr-x root/root         0 2024-12-21 01:23 usr/man/
drwxr-xr-x root/root         0 2024-12-21 01:23 usr/man/man8/
-rw-r--r-- root/root       754 2024-12-21 01:23 usr/man/man8/bashreadline.bt.8.gz
-rw-r--r-- root/root      1075 2024-12-21 01:23 usr/man/man8/biolatency.bt.8.gz
-rw-r--r-- root/root       958 2024-12-21 01:23 usr/man/man8/biosnoop.bt.8.gz
-rw-r--r-- root/root      1075 2024-12-21 01:23 usr/man/man8/biostacks.bt.8.gz
-rw-r--r-- root/root       849 2024-12-21 01:23 usr/man/man8/bitesize.bt.8.gz
-rw-r--r-- root/root     35437 2024-12-21 01:23 usr/man/man8/bpftrace.8.gz
-rw-r--r-- root/root       810 2024-12-21 01:23 usr/man/man8/capable.bt.8.gz
-rw-r--r-- root/root       738 2024-12-21 01:23 usr/man/man8/cpuwalk.bt.8.gz
-rw-r--r-- root/root      1099 2024-12-21 01:23 usr/man/man8/dcsnoop.bt.8.gz
-rw-r--r-- root/root      1023 2024-12-21 01:23 usr/man/man8/execsnoop.bt.8.gz
-rw-r--r-- root/root       920 2024-12-21 01:23 usr/man/man8/gethostlatency.bt.8.gz
-rw-r--r-- root/root       895 2024-12-21 01:23 usr/man/man8/killsnoop.bt.8.gz
-rw-r--r-- root/root      1088 2024-12-21 01:23 usr/man/man8/loads.bt.8.gz
-rw-r--r-- root/root       944 2024-12-21 01:23 usr/man/man8/mdflush.bt.8.gz
-rw-r--r-- root/root       847 2024-12-21 01:23 usr/man/man8/naptime.bt.8.gz
-rw-r--r-- root/root       948 2024-12-21 01:23 usr/man/man8/oomkill.bt.8.gz
-rw-r--r-- root/root       884 2024-12-21 01:23 usr/man/man8/opensnoop.bt.8.gz
-rw-r--r-- root/root       830 2024-12-21 01:23 usr/man/man8/pidpersec.bt.8.gz
-rw-r--r-- root/root       971 2024-12-21 01:23 usr/man/man8/runqlat.bt.8.gz
-rw-r--r-- root/root       873 2024-12-21 01:23 usr/man/man8/runqlen.bt.8.gz
-rw-r--r-- root/root       864 2024-12-21 01:23 usr/man/man8/setuids.bt.8.gz
-rw-r--r-- root/root      1044 2024-12-21 01:23 usr/man/man8/ssllatency.bt.8.gz
-rw-r--r-- root/root       887 2024-12-21 01:23 usr/man/man8/sslsnoop.bt.8.gz
-rw-r--r-- root/root       948 2024-12-21 01:23 usr/man/man8/statsnoop.bt.8.gz
-rw-r--r-- root/root       887 2024-12-21 01:23 usr/man/man8/swapin.bt.8.gz
-rw-r--r-- root/root       842 2024-12-21 01:23 usr/man/man8/syncsnoop.bt.8.gz
-rw-r--r-- root/root      1200 2024-12-21 01:23 usr/man/man8/syscount.bt.8.gz
-rw-r--r-- root/root      1121 2024-12-21 01:23 usr/man/man8/tcpaccept.bt.8.gz
-rw-r--r-- root/root      1034 2024-12-21 01:23 usr/man/man8/tcpconnect.bt.8.gz
-rw-r--r-- root/root      1117 2024-12-21 01:23 usr/man/man8/tcpdrop.bt.8.gz
-rw-r--r-- root/root      1204 2024-12-21 01:23 usr/man/man8/tcplife.bt.8.gz
-rw-r--r-- root/root      1086 2024-12-21 01:23 usr/man/man8/tcpretrans.bt.8.gz
-rw-r--r-- root/root       998 2024-12-21 01:23 usr/man/man8/tcpsynbl.bt.8.gz
-rw-r--r-- root/root       900 2024-12-21 01:23 usr/man/man8/threadsnoop.bt.8.gz
-rw-r--r-- root/root       702 2024-12-21 01:23 usr/man/man8/undump.bt.8.gz
-rw-r--r-- root/root       932 2024-12-21 01:23 usr/man/man8/vfscount.bt.8.gz
-rw-r--r-- root/root       995 2024-12-21 01:23 usr/man/man8/vfsstat.bt.8.gz
-rw-r--r-- root/root       930 2024-12-21 01:23 usr/man/man8/writeback.bt.8.gz
-rw-r--r-- root/root       994 2024-12-21 01:23 usr/man/man8/xfsdist.bt.8.gz
drwxr-xr-x root/root         0 2024-12-21 01:23 usr/share/
drwxr-xr-x root/root         0 2024-12-21 01:23 usr/share/bpftrace/
drwxr-xr-x root/root         0 2024-12-21 01:23 usr/share/bpftrace/tools/
-rwxr-xr-x root/root       698 2024-07-19 11:01 usr/share/bpftrace/tools/bashreadline.bt
-rwxr-xr-x root/root       704 2024-07-19 11:01 usr/share/bpftrace/tools/biolatency-kp.bt
-rwxr-xr-x root/root       681 2024-07-19 11:01 usr/share/bpftrace/tools/biolatency.bt
-rwxr-xr-x root/root      1148 2024-07-19 11:01 usr/share/bpftrace/tools/biosnoop.bt
-rwxr-xr-x root/root       955 2024-07-19 11:01 usr/share/bpftrace/tools/biostacks.bt
-rwxr-xr-x root/root       567 2024-07-19 11:01 usr/share/bpftrace/tools/bitesize.bt
-rwxr-xr-x root/root      1926 2024-07-19 11:01 usr/share/bpftrace/tools/capable.bt
-rwxr-xr-x root/root       497 2024-07-19 11:01 usr/share/bpftrace/tools/cpuwalk.bt
-rwxr-xr-x root/root      1261 2024-07-19 11:01 usr/share/bpftrace/tools/dcsnoop.bt
drwxr-xr-x root/root         0 2024-12-21 01:23 usr/share/bpftrace/tools/doc/
-rw-r--r-- root/root       722 2024-07-19 11:01 usr/share/bpftrace/tools/doc/bashreadline_example.txt
-rw-r--r-- root/root      1790 2024-07-19 11:01 usr/share/bpftrace/tools/doc/biolatency_example.txt
-rw-r--r-- root/root      2056 2024-07-19 11:01 usr/share/bpftrace/tools/doc/biosnoop_example.txt
-rw-r--r-- root/root      1914 2024-07-19 11:01 usr/share/bpftrace/tools/doc/biostacks_example.txt
-rw-r--r-- root/root      3003 2024-07-19 11:01 usr/share/bpftrace/tools/doc/bitesize_example.txt
-rw-r--r-- root/root      2659 2024-07-19 11:01 usr/share/bpftrace/tools/doc/capable_example.txt
-rw-r--r-- root/root      4919 2024-07-19 11:01 usr/share/bpftrace/tools/doc/cpuwalk_example.txt
-rw-r--r-- root/root      4612 2024-07-19 11:01 usr/share/bpftrace/tools/doc/dcsnoop_example.txt
-rw-r--r-- root/root      1535 2024-07-19 11:01 usr/share/bpftrace/tools/doc/execsnoop_example.txt
-rw-r--r-- root/root       923 2024-07-19 11:01 usr/share/bpftrace/tools/doc/gethostlatency_example.txt
-rw-r--r-- root/root       846 2024-07-19 11:01 usr/share/bpftrace/tools/doc/killsnoop_example.txt
-rw-r--r-- root/root       864 2024-07-19 11:01 usr/share/bpftrace/tools/doc/loads_example.txt
-rw-r--r-- root/root      1866 2024-07-19 11:01 usr/share/bpftrace/tools/doc/mdflush_example.txt
-rw-r--r-- root/root       844 2024-07-19 11:01 usr/share/bpftrace/tools/doc/naptime_example.txt
-rw-r--r-- root/root      1668 2024-07-19 11:01 usr/share/bpftrace/tools/doc/oomkill_example.txt
-rw-r--r-- root/root      2528 2024-07-19 11:01 usr/share/bpftrace/tools/doc/opensnoop_example.txt
-rw-r--r-- root/root      1504 2024-07-19 11:01 usr/share/bpftrace/tools/doc/pidpersec_example.txt
-rw-r--r-- root/root      8632 2024-07-19 11:01 usr/share/bpftrace/tools/doc/runqlat_example.txt
-rw-r--r-- root/root       980 2024-07-19 11:01 usr/share/bpftrace/tools/doc/runqlen_example.txt
-rw-r--r-- root/root      2441 2024-07-19 11:01 usr/share/bpftrace/tools/doc/setuids_example.txt
-rw-r--r-- root/root      4510 2024-07-19 11:01 usr/share/bpftrace/tools/doc/ssllatency_example.txt
-rw-r--r-- root/root      1916 2024-07-19 11:01 usr/share/bpftrace/tools/doc/sslsnoop_example.txt
-rw-r--r-- root/root      2738 2024-07-19 11:01 usr/share/bpftrace/tools/doc/statsnoop_example.txt
-rw-r--r-- root/root       549 2024-07-19 11:01 usr/share/bpftrace/tools/doc/swapin_example.txt
-rw-r--r-- root/root       541 2024-07-19 11:01 usr/share/bpftrace/tools/doc/syncsnoop_example.txt
-rw-r--r-- root/root      1144 2024-07-19 11:01 usr/share/bpftrace/tools/doc/syscount_example.txt
-rw-r--r-- root/root      1350 2024-07-19 11:01 usr/share/bpftrace/tools/doc/tcpaccept_example.txt
-rw-r--r-- root/root      1085 2024-07-19 11:01 usr/share/bpftrace/tools/doc/tcpconnect_example.txt
-rw-r--r-- root/root      1256 2024-07-19 11:01 usr/share/bpftrace/tools/doc/tcpdrop_example.txt
-rw-r--r-- root/root      1597 2024-07-19 11:01 usr/share/bpftrace/tools/doc/tcplife_example.txt
-rw-r--r-- root/root      1153 2024-07-19 11:01 usr/share/bpftrace/tools/doc/tcpretrans_example.txt
-rw-r--r-- root/root       940 2024-07-19 11:01 usr/share/bpftrace/tools/doc/tcpsynbl_example.txt
-rw-r--r-- root/root      1182 2024-07-19 11:01 usr/share/bpftrace/tools/doc/threadsnoop_example.txt
-rw-r--r-- root/root       680 2024-07-19 11:01 usr/share/bpftrace/tools/doc/undump_example.txt
-rw-r--r-- root/root      1199 2024-07-19 11:01 usr/share/bpftrace/tools/doc/vfscount_example.txt
-rw-r--r-- root/root       929 2024-07-19 11:01 usr/share/bpftrace/tools/doc/vfsstat_example.txt
-rw-r--r-- root/root      1962 2024-07-19 11:01 usr/share/bpftrace/tools/doc/writeback_example.txt
-rw-r--r-- root/root      3419 2024-07-19 11:01 usr/share/bpftrace/tools/doc/xfsdist_example.txt
-rwxr-xr-x root/root       928 2024-07-19 11:01 usr/share/bpftrace/tools/execsnoop.bt
-rwxr-xr-x root/root      1262 2024-07-19 11:01 usr/share/bpftrace/tools/gethostlatency.bt
-rwxr-xr-x root/root       873 2024-07-19 11:01 usr/share/bpftrace/tools/killsnoop.bt
-rwxr-xr-x root/root      1127 2024-07-19 11:01 usr/share/bpftrace/tools/loads.bt
-rwxr-xr-x root/root       775 2024-07-19 11:01 usr/share/bpftrace/tools/mdflush.bt
-rwxr-xr-x root/root      1035 2024-07-19 11:01 usr/share/bpftrace/tools/naptime.bt
drwxr-xr-x root/root         0 2024-12-21 01:23 usr/share/bpftrace/tools/old/
-rw-r--r-- root/root      1173 2024-07-19 11:01 usr/share/bpftrace/tools/old/biosnoop.bt
-rw-r--r-- root/root       719 2024-07-19 11:01 usr/share/bpftrace/tools/old/mdflush.bt
-rw-r--r-- root/root      2439 2024-07-19 11:01 usr/share/bpftrace/tools/old/tcpdrop.bt
-rwxr-xr-x root/root      1198 2024-07-19 11:01 usr/share/bpftrace/tools/oomkill.bt
-rwxr-xr-x root/root       953 2024-07-19 11:01 usr/share/bpftrace/tools/opensnoop.bt
-rwxr-xr-x root/root       628 2024-07-19 11:01 usr/share/bpftrace/tools/pidpersec.bt
-rwxr-xr-x root/root       788 2024-07-19 11:01 usr/share/bpftrace/tools/runqlat.bt
-rwxr-xr-x root/root      1037 2024-07-19 11:01 usr/share/bpftrace/tools/runqlen.bt
-rwxr-xr-x root/root      1799 2024-07-19 11:01 usr/share/bpftrace/tools/setuids.bt
-rwxr-xr-x root/root      2173 2024-07-19 11:01 usr/share/bpftrace/tools/ssllatency.bt
-rwxr-xr-x root/root      2081 2024-07-19 11:01 usr/share/bpftrace/tools/sslsnoop.bt
-rwxr-xr-x root/root      1294 2024-07-19 11:01 usr/share/bpftrace/tools/statsnoop.bt
-rwxr-xr-x root/root       946 2024-07-19 11:01 usr/share/bpftrace/tools/swapin.bt
-rwxr-xr-x root/root       839 2024-07-19 11:01 usr/share/bpftrace/tools/syncsnoop.bt
-rwxr-xr-x root/root       872 2024-07-19 11:01 usr/share/bpftrace/tools/syscount.bt
-rwxr-xr-x root/root      1976 2024-07-19 11:01 usr/share/bpftrace/tools/tcpaccept.bt
-rwxr-xr-x root/root      1869 2024-07-19 11:01 usr/share/bpftrace/tools/tcpconnect.bt
-rwxr-xr-x root/root      2689 2024-07-19 11:01 usr/share/bpftrace/tools/tcpdrop.bt
-rwxr-xr-x root/root      3005 2024-07-19 11:01 usr/share/bpftrace/tools/tcplife.bt
-rwxr-xr-x root/root      2340 2024-07-19 11:01 usr/share/bpftrace/tools/tcpretrans.bt
-rwxr-xr-x root/root       962 2024-07-19 11:01 usr/share/bpftrace/tools/tcpsynbl.bt
-rwxr-xr-x root/root       752 2024-07-19 11:01 usr/share/bpftrace/tools/threadsnoop.bt
-rwxr-xr-x root/root       789 2024-07-19 11:01 usr/share/bpftrace/tools/undump.bt
-rwxr-xr-x root/root       515 2024-07-19 11:01 usr/share/bpftrace/tools/vfscount.bt
-rwxr-xr-x root/root       721 2024-07-19 11:01 usr/share/bpftrace/tools/vfsstat.bt
-rwxr-xr-x root/root      1699 2024-07-19 11:01 usr/share/bpftrace/tools/writeback.bt
-rwxr-xr-x root/root      1012 2024-07-19 11:01 usr/share/bpftrace/tools/xfsdist.bt


